0 	 5.153875e-01	5.679416e-01 4.469237e-01 5.146742e-01 4.287032e-01
10 	 1.281735e-01	1.342629e-01 1.942615e-01 1.141504e-01 2.290826e-01
20 	 8.064584e-02	7.210091e-02 1.017272e-01 8.406456e-02 3.618401e-02
30 	 7.948986e-02	8.922950e-02 1.249937e-01 7.463383e-02 1.064178e-01
40 	 9.185348e-02	8.654742e-02 1.318014e-01 8.929169e-02 1.206311e-01
50 	 8.044330e-02	8.417667e-02 2.134895e-01 7.176852e-02 1.268329e-01
60 	 7.785266e-02	8.354613e-02 1.684927e-01 7.765894e-02 4.029536e-02
70 	 9.293331e-02	9.160325e-02 1.275371e-01 8.641680e-02 1.496449e-01
80 	 9.098552e-02	1.066863e-01 1.024957e-01 9.057354e-02 5.843365e-02
90 	 1.097834e-01	1.051185e-01 1.601001e-01 1.014111e-01 1.835382e-01
100 	 9.666990e-02	9.811086e-02 9.888169e-02 9.208281e-02 1.395253e-01
110 	 9.428711e-02	8.521350e-02 1.608261e-01 8.139441e-02 1.930539e-01
120 	 9.717625e-02	9.479289e-02 2.136277e-01 8.422748e-02 1.845245e-01
130 	 7.699162e-02	9.091617e-02 1.009992e-01 7.686286e-02 3.797610e-02
140 	 1.129608e-01	1.144369e-01 2.182276e-01 9.760786e-02 2.169336e-01
150 	 1.346560e-01	1.344280e-01 2.903283e-01 1.178722e-01 2.471085e-01
160 	 1.275683e-01	1.361155e-01 2.637121e-01 1.095665e-01 2.394618e-01
170 	 1.176573e-01	1.147902e-01 2.374664e-01 1.030585e-01 2.206347e-01
180 	 1.178933e-01	1.179291e-01 2.414843e-01 1.039193e-01 2.139327e-01
190 	 1.013458e-01	1.215508e-01 1.412973e-01 9.474404e-02 1.300660e-01
200 	 8.872505e-02	9.844215e-02 1.376306e-01 8.666620e-02 8.683262e-02
210 	 1.109693e-01	1.169423e-01 1.420676e-01 9.827485e-02 2.038424e-01
220 	 9.722966e-02	1.165342e-01 1.377361e-01 9.545588e-02 7.098287e-02
230 	 7.533221e-02	7.114385e-02 1.812087e-01 7.230655e-02 9.156963e-02
240 	 8.867223e-02	1.043090e-01 1.964924e-01 6.989276e-02 1.867604e-01
250 	 9.376547e-02	1.033852e-01 1.218943e-01 9.380541e-02 6.701817e-02
260 	 8.378696e-02	9.127726e-02 1.518604e-01 8.280699e-02 6.657161e-02
270 	 1.017727e-01	9.919012e-02 1.556172e-01 8.896270e-02 1.985610e-01
280 	 1.068960e-01	9.848888e-02 2.068958e-01 9.637073e-02 1.907163e-01
290 	 8.437249e-02	9.293777e-02 1.036409e-01 8.413200e-02 6.652177e-02
300 	 8.927891e-02	8.962880e-02 9.153080e-02 8.972461e-02 8.257302e-02
310 	 8.805135e-02	8.789547e-02 1.944799e-01 7.642743e-02 1.645773e-01
320 	 8.193872e-02	8.546205e-02 1.357508e-01 7.216974e-02 1.502295e-01
330 	 7.929878e-02	8.285999e-02 1.481050e-01 6.715517e-02 1.580194e-01
340 	 8.331364e-02	7.602241e-02 1.787366e-01 7.694967e-02 1.341445e-01
350 	 8.340371e-02	9.446781e-02 1.816891e-01 7.962775e-02 8.578495e-02
360 	 6.902522e-02	7.040185e-02 1.240568e-01 6.451065e-02 1.017034e-01
370 	 1.023960e-01	9.255753e-02 2.367517e-01 6.634490e-02 2.870227e-01
380 	 9.192269e-02	1.023869e-01 1.149933e-01 8.801881e-02 1.133541e-01
390 	 9.080346e-02	1.030874e-01 1.001584e-01 9.184721e-02 3.797939e-02
400 	 9.510998e-02	7.599175e-02 2.167823e-01 7.689064e-02 2.191747e-01
410 	 1.244878e-01	1.203472e-01 2.872859e-01 1.092845e-01 2.270264e-01
420 	 1.193204e-01	1.328452e-01 1.301982e-01 1.120196e-01 1.693255e-01
430 	 1.032650e-01	1.127570e-01 1.347744e-01 1.000189e-01 1.188191e-01
440 	 9.346300e-02	1.145667e-01 1.508392e-01 8.561420e-02 1.277999e-01
450 	 1.172793e-01	1.201623e-01 1.804662e-01 1.121543e-01 1.560856e-01
460 	 1.054693e-01	1.105910e-01 1.856605e-01 9.461612e-02 1.806146e-01
470 	 7.944215e-02	9.206775e-02 1.405683e-01 7.156761e-02 1.234527e-01
480 	 8.574370e-02	9.016622e-02 8.345418e-02 8.143115e-02 1.221816e-01
490 	 9.571438e-02	1.036887e-01 1.283150e-01 8.724097e-02 1.563205e-01
500 	 6.002959e-02	4.758368e-02 1.042542e-01 5.527219e-02 1.081237e-01
510 	 8.833719e-02	7.991544e-02 1.783646e-01 7.352025e-02 1.909140e-01
520 	 1.007939e-01	9.844460e-02 1.915057e-01 8.656599e-02 2.001844e-01
530 	 8.564190e-02	8.551580e-02 1.440251e-01 7.656686e-02 1.536631e-01
540 	 7.498489e-02	7.710017e-02 1.870674e-01 6.176458e-02 1.521745e-01
550 	 7.063489e-02	7.041493e-02 2.951470e-04 7.386502e-02 2.546026e-04
560 	 7.251098e-02	8.045777e-02 3.022289e-11 7.464179e-02 2.607125e-11
570 	 5.325677e-02	5.296701e-02 2.176810e-07 5.570909e-02 2.176801e-07
580 	 5.358562e-02	6.161621e-02 2.015095e-02 5.447668e-02 2.015047e-02
590 	 6.562372e-02	6.383037e-02 2.065108e-09 6.883817e-02 2.065043e-09
600 	 5.782794e-02	7.199231e-02 3.127017e-05 5.823449e-02 3.126973e-05
610 	 7.397716e-02	8.211532e-02 7.124401e-04 7.614602e-02 7.117905e-04
620 	 6.509762e-02	7.846980e-02 1.742803e-06 6.600094e-02 1.569020e-06
630 	 5.872300e-02	6.095106e-02 1.784811e-13 6.107243e-02 1.606804e-13
640 	 7.575658e-02	8.066609e-02 3.406736e-05 7.849303e-02 2.879237e-05
650 	 4.820708e-02	6.573311e-02 1.265089e-06 4.747623e-02 1.265069e-06
660 	 6.901487e-02	6.670608e-02 1.348621e-04 7.245121e-02 1.348617e-04
670 	 5.740669e-02	6.975315e-02 1.380994e-11 5.810871e-02 1.380990e-11
680 	 2.422571e-02	2.363891e-03 1.607144e-02 1.995294e-03 9.405936e-02
690 	 8.030825e-05	7.031500e-08 3.132873e-04 6.956292e-08 2.902679e-04
